Performing C SOURCE FILE Test CMAKE_HAVE_LIBC_PTHREAD failed with the following output:
Change Dir: /home/raghusaripalli/Desktop/DBI/A2/CMakeFiles/CMakeTmp

Run Build Command(s):/usr/bin/make cmTC_b1c13/fast && make[1]: Entering directory '/home/raghusaripalli/Desktop/DBI/A2/CMakeFiles/CMakeTmp'
/usr/bin/make  -f CMakeFiles/cmTC_b1c13.dir/build.make CMakeFiles/cmTC_b1c13.dir/build
make[2]: Entering directory '/home/raghusaripalli/Desktop/DBI/A2/CMakeFiles/CMakeTmp'
Building C object CMakeFiles/cmTC_b1c13.dir/src.c.o
/usr/bin/cc -DCMAKE_HAVE_LIBC_PTHREAD   -o CMakeFiles/cmTC_b1c13.dir/src.c.o -c /home/raghusaripalli/Desktop/DBI/A2/CMakeFiles/CMakeTmp/src.c
Linking C executable cmTC_b1c13
/home/raghusaripalli/Downloads/cmake/bin/cmake -E cmake_link_script CMakeFiles/cmTC_b1c13.dir/link.txt --verbose=1
/usr/bin/cc -rdynamic CMakeFiles/cmTC_b1c13.dir/src.c.o -o cmTC_b1c13 
CMakeFiles/cmTC_b1c13.dir/src.c.o: In function `main':
src.c:(.text+0x3c): undefined reference to `pthread_create'
src.c:(.text+0x48): undefined reference to `pthread_detach'
src.c:(.text+0x54): undefined reference to `pthread_cancel'
src.c:(.text+0x65): undefined reference to `pthread_join'
src.c:(.text+0x79): undefined reference to `pthread_atfork'
collect2: error: ld returned 1 exit status
CMakeFiles/cmTC_b1c13.dir/build.make:105: recipe for target 'cmTC_b1c13' failed
make[2]: *** [cmTC_b1c13] Error 1
make[2]: Leaving directory '/home/raghusaripalli/Desktop/DBI/A2/CMakeFiles/CMakeTmp'
Makefile:140: recipe for target 'cmTC_b1c13/fast' failed
make[1]: *** [cmTC_b1c13/fast] Error 2
make[1]: Leaving directory '/home/raghusaripalli/Desktop/DBI/A2/CMakeFiles/CMakeTmp'


Source file was:
#include <pthread.h>

static void* test_func(void* data)
{
  return data;
}

int main(void)
{
  pthread_t thread;
  pthread_create(&thread, NULL, test_func, NULL);
  pthread_detach(thread);
  pthread_cancel(thread);
  pthread_join(thread, NULL);
  pthread_atfork(NULL, NULL, NULL);
  pthread_exit(NULL);

  return 0;
}

Determining if the function pthread_create exists in the pthreads failed with the following output:
Change Dir: /home/raghusaripalli/Desktop/DBI/A2/CMakeFiles/CMakeTmp

Run Build Command(s):/usr/bin/make cmTC_5ebff/fast && make[1]: Entering directory '/home/raghusaripalli/Desktop/DBI/A2/CMakeFiles/CMakeTmp'
/usr/bin/make  -f CMakeFiles/cmTC_5ebff.dir/build.make CMakeFiles/cmTC_5ebff.dir/build
make[2]: Entering directory '/home/raghusaripalli/Desktop/DBI/A2/CMakeFiles/CMakeTmp'
Building C object CMakeFiles/cmTC_5ebff.dir/CheckFunctionExists.c.o
/usr/bin/cc   -DCHECK_FUNCTION_EXISTS=pthread_create -o CMakeFiles/cmTC_5ebff.dir/CheckFunctionExists.c.o -c /home/raghusaripalli/Downloads/cmake/share/cmake-3.19/Modules/CheckFunctionExists.c
Linking C executable cmTC_5ebff
/home/raghusaripalli/Downloads/cmake/bin/cmake -E cmake_link_script CMakeFiles/cmTC_5ebff.dir/link.txt --verbose=1
/usr/bin/cc  -DCHECK_FUNCTION_EXISTS=pthread_create -rdynamic CMakeFiles/cmTC_5ebff.dir/CheckFunctionExists.c.o -o cmTC_5ebff  -lpthreads 
/usr/bin/ld: cannot find -lpthreads
collect2: error: ld returned 1 exit status
CMakeFiles/cmTC_5ebff.dir/build.make:105: recipe for target 'cmTC_5ebff' failed
make[2]: *** [cmTC_5ebff] Error 1
make[2]: Leaving directory '/home/raghusaripalli/Desktop/DBI/A2/CMakeFiles/CMakeTmp'
Makefile:140: recipe for target 'cmTC_5ebff/fast' failed
make[1]: *** [cmTC_5ebff/fast] Error 2
make[1]: Leaving directory '/home/raghusaripalli/Desktop/DBI/A2/CMakeFiles/CMakeTmp'



Performing C SOURCE FILE Test CMAKE_HAVE_LIBC_PTHREAD failed with the following output:
Change Dir: /home/raghusaripalli/Desktop/DBI/A3/CMakeFiles/CMakeTmp

Run Build Command(s):/usr/bin/make cmTC_c1b65/fast && /usr/bin/make  -f CMakeFiles/cmTC_c1b65.dir/build.make CMakeFiles/cmTC_c1b65.dir/build
make[1]: Entering directory '/home/raghusaripalli/Desktop/DBI/A3/CMakeFiles/CMakeTmp'
Building C object CMakeFiles/cmTC_c1b65.dir/src.c.o
/usr/bin/cc -DCMAKE_HAVE_LIBC_PTHREAD   -o CMakeFiles/cmTC_c1b65.dir/src.c.o -c /home/raghusaripalli/Desktop/DBI/A3/CMakeFiles/CMakeTmp/src.c
Linking C executable cmTC_c1b65
/home/raghusaripalli/Downloads/cmake/bin/cmake -E cmake_link_script CMakeFiles/cmTC_c1b65.dir/link.txt --verbose=1
/usr/bin/cc -rdynamic CMakeFiles/cmTC_c1b65.dir/src.c.o -o cmTC_c1b65 
CMakeFiles/cmTC_c1b65.dir/src.c.o: In function `main':
src.c:(.text+0x3c): undefined reference to `pthread_create'
src.c:(.text+0x48): undefined reference to `pthread_detach'
src.c:(.text+0x54): undefined reference to `pthread_cancel'
src.c:(.text+0x65): undefined reference to `pthread_join'
src.c:(.text+0x79): undefined reference to `pthread_atfork'
collect2: error: ld returned 1 exit status
CMakeFiles/cmTC_c1b65.dir/build.make:105: recipe for target 'cmTC_c1b65' failed
make[1]: *** [cmTC_c1b65] Error 1
make[1]: Leaving directory '/home/raghusaripalli/Desktop/DBI/A3/CMakeFiles/CMakeTmp'
Makefile:140: recipe for target 'cmTC_c1b65/fast' failed
make: *** [cmTC_c1b65/fast] Error 2


Source file was:
#include <pthread.h>

static void* test_func(void* data)
{
  return data;
}

int main(void)
{
  pthread_t thread;
  pthread_create(&thread, NULL, test_func, NULL);
  pthread_detach(thread);
  pthread_cancel(thread);
  pthread_join(thread, NULL);
  pthread_atfork(NULL, NULL, NULL);
  pthread_exit(NULL);

  return 0;
}

Determining if the function pthread_create exists in the pthreads failed with the following output:
Change Dir: /home/raghusaripalli/Desktop/DBI/A3/CMakeFiles/CMakeTmp

Run Build Command(s):/usr/bin/make cmTC_49958/fast && /usr/bin/make  -f CMakeFiles/cmTC_49958.dir/build.make CMakeFiles/cmTC_49958.dir/build
make[1]: Entering directory '/home/raghusaripalli/Desktop/DBI/A3/CMakeFiles/CMakeTmp'
Building C object CMakeFiles/cmTC_49958.dir/CheckFunctionExists.c.o
/usr/bin/cc   -DCHECK_FUNCTION_EXISTS=pthread_create -o CMakeFiles/cmTC_49958.dir/CheckFunctionExists.c.o -c /home/raghusaripalli/Downloads/cmake/share/cmake-3.19/Modules/CheckFunctionExists.c
Linking C executable cmTC_49958
/home/raghusaripalli/Downloads/cmake/bin/cmake -E cmake_link_script CMakeFiles/cmTC_49958.dir/link.txt --verbose=1
/usr/bin/cc  -DCHECK_FUNCTION_EXISTS=pthread_create -rdynamic CMakeFiles/cmTC_49958.dir/CheckFunctionExists.c.o -o cmTC_49958  -lpthreads 
/usr/bin/ld: cannot find -lpthreads
collect2: error: ld returned 1 exit status
CMakeFiles/cmTC_49958.dir/build.make:105: recipe for target 'cmTC_49958' failed
make[1]: *** [cmTC_49958] Error 1
make[1]: Leaving directory '/home/raghusaripalli/Desktop/DBI/A3/CMakeFiles/CMakeTmp'
Makefile:140: recipe for target 'cmTC_49958/fast' failed
make: *** [cmTC_49958/fast] Error 2



Performing C SOURCE FILE Test CMAKE_HAVE_LIBC_PTHREAD failed with the following output:
Change Dir: /home/raghusaripalli/Desktop/DBI/A3/CMakeFiles/CMakeTmp

Run Build Command(s):/usr/bin/make cmTC_28fcb/fast && /usr/bin/make  -f CMakeFiles/cmTC_28fcb.dir/build.make CMakeFiles/cmTC_28fcb.dir/build
make[1]: Entering directory '/home/raghusaripalli/Desktop/DBI/A3/CMakeFiles/CMakeTmp'
Building C object CMakeFiles/cmTC_28fcb.dir/src.c.o
/usr/bin/cc -DCMAKE_HAVE_LIBC_PTHREAD   -o CMakeFiles/cmTC_28fcb.dir/src.c.o -c /home/raghusaripalli/Desktop/DBI/A3/CMakeFiles/CMakeTmp/src.c
Linking C executable cmTC_28fcb
/home/raghusaripalli/Downloads/cmake/bin/cmake -E cmake_link_script CMakeFiles/cmTC_28fcb.dir/link.txt --verbose=1
/usr/bin/cc -rdynamic CMakeFiles/cmTC_28fcb.dir/src.c.o -o cmTC_28fcb 
CMakeFiles/cmTC_28fcb.dir/src.c.o: In function `main':
src.c:(.text+0x3c): undefined reference to `pthread_create'
src.c:(.text+0x48): undefined reference to `pthread_detach'
src.c:(.text+0x54): undefined reference to `pthread_cancel'
src.c:(.text+0x65): undefined reference to `pthread_join'
src.c:(.text+0x79): undefined reference to `pthread_atfork'
collect2: error: ld returned 1 exit status
CMakeFiles/cmTC_28fcb.dir/build.make:105: recipe for target 'cmTC_28fcb' failed
make[1]: *** [cmTC_28fcb] Error 1
make[1]: Leaving directory '/home/raghusaripalli/Desktop/DBI/A3/CMakeFiles/CMakeTmp'
Makefile:140: recipe for target 'cmTC_28fcb/fast' failed
make: *** [cmTC_28fcb/fast] Error 2


Source file was:
#include <pthread.h>

static void* test_func(void* data)
{
  return data;
}

int main(void)
{
  pthread_t thread;
  pthread_create(&thread, NULL, test_func, NULL);
  pthread_detach(thread);
  pthread_cancel(thread);
  pthread_join(thread, NULL);
  pthread_atfork(NULL, NULL, NULL);
  pthread_exit(NULL);

  return 0;
}

Determining if the function pthread_create exists in the pthreads failed with the following output:
Change Dir: /home/raghusaripalli/Desktop/DBI/A3/CMakeFiles/CMakeTmp

Run Build Command(s):/usr/bin/make cmTC_8f614/fast && /usr/bin/make  -f CMakeFiles/cmTC_8f614.dir/build.make CMakeFiles/cmTC_8f614.dir/build
make[1]: Entering directory '/home/raghusaripalli/Desktop/DBI/A3/CMakeFiles/CMakeTmp'
Building C object CMakeFiles/cmTC_8f614.dir/CheckFunctionExists.c.o
/usr/bin/cc   -DCHECK_FUNCTION_EXISTS=pthread_create -o CMakeFiles/cmTC_8f614.dir/CheckFunctionExists.c.o -c /home/raghusaripalli/Downloads/cmake/share/cmake-3.19/Modules/CheckFunctionExists.c
Linking C executable cmTC_8f614
/home/raghusaripalli/Downloads/cmake/bin/cmake -E cmake_link_script CMakeFiles/cmTC_8f614.dir/link.txt --verbose=1
/usr/bin/cc  -DCHECK_FUNCTION_EXISTS=pthread_create -rdynamic CMakeFiles/cmTC_8f614.dir/CheckFunctionExists.c.o -o cmTC_8f614  -lpthreads 
/usr/bin/ld: cannot find -lpthreads
collect2: error: ld returned 1 exit status
CMakeFiles/cmTC_8f614.dir/build.make:105: recipe for target 'cmTC_8f614' failed
make[1]: *** [cmTC_8f614] Error 1
make[1]: Leaving directory '/home/raghusaripalli/Desktop/DBI/A3/CMakeFiles/CMakeTmp'
Makefile:140: recipe for target 'cmTC_8f614/fast' failed
make: *** [cmTC_8f614/fast] Error 2



Performing C SOURCE FILE Test CMAKE_HAVE_LIBC_PTHREAD failed with the following output:
Change Dir: /home/raghusaripalli/Desktop/DBI/A3/CMakeFiles/CMakeTmp

Run Build Command(s):/usr/bin/make cmTC_f915e/fast && /usr/bin/make  -f CMakeFiles/cmTC_f915e.dir/build.make CMakeFiles/cmTC_f915e.dir/build
make[1]: Entering directory '/home/raghusaripalli/Desktop/DBI/A3/CMakeFiles/CMakeTmp'
Building C object CMakeFiles/cmTC_f915e.dir/src.c.o
/usr/bin/cc -DCMAKE_HAVE_LIBC_PTHREAD   -o CMakeFiles/cmTC_f915e.dir/src.c.o -c /home/raghusaripalli/Desktop/DBI/A3/CMakeFiles/CMakeTmp/src.c
Linking C executable cmTC_f915e
/home/raghusaripalli/Downloads/cmake/bin/cmake -E cmake_link_script CMakeFiles/cmTC_f915e.dir/link.txt --verbose=1
/usr/bin/cc -rdynamic CMakeFiles/cmTC_f915e.dir/src.c.o -o cmTC_f915e 
CMakeFiles/cmTC_f915e.dir/src.c.o: In function `main':
src.c:(.text+0x3c): undefined reference to `pthread_create'
src.c:(.text+0x48): undefined reference to `pthread_detach'
src.c:(.text+0x54): undefined reference to `pthread_cancel'
src.c:(.text+0x65): undefined reference to `pthread_join'
src.c:(.text+0x79): undefined reference to `pthread_atfork'
collect2: error: ld returned 1 exit status
CMakeFiles/cmTC_f915e.dir/build.make:105: recipe for target 'cmTC_f915e' failed
make[1]: *** [cmTC_f915e] Error 1
make[1]: Leaving directory '/home/raghusaripalli/Desktop/DBI/A3/CMakeFiles/CMakeTmp'
Makefile:140: recipe for target 'cmTC_f915e/fast' failed
make: *** [cmTC_f915e/fast] Error 2


Source file was:
#include <pthread.h>

static void* test_func(void* data)
{
  return data;
}

int main(void)
{
  pthread_t thread;
  pthread_create(&thread, NULL, test_func, NULL);
  pthread_detach(thread);
  pthread_cancel(thread);
  pthread_join(thread, NULL);
  pthread_atfork(NULL, NULL, NULL);
  pthread_exit(NULL);

  return 0;
}

Determining if the function pthread_create exists in the pthreads failed with the following output:
Change Dir: /home/raghusaripalli/Desktop/DBI/A3/CMakeFiles/CMakeTmp

Run Build Command(s):/usr/bin/make cmTC_a182a/fast && /usr/bin/make  -f CMakeFiles/cmTC_a182a.dir/build.make CMakeFiles/cmTC_a182a.dir/build
make[1]: Entering directory '/home/raghusaripalli/Desktop/DBI/A3/CMakeFiles/CMakeTmp'
Building C object CMakeFiles/cmTC_a182a.dir/CheckFunctionExists.c.o
/usr/bin/cc   -DCHECK_FUNCTION_EXISTS=pthread_create -o CMakeFiles/cmTC_a182a.dir/CheckFunctionExists.c.o -c /home/raghusaripalli/Downloads/cmake/share/cmake-3.19/Modules/CheckFunctionExists.c
Linking C executable cmTC_a182a
/home/raghusaripalli/Downloads/cmake/bin/cmake -E cmake_link_script CMakeFiles/cmTC_a182a.dir/link.txt --verbose=1
/usr/bin/cc  -DCHECK_FUNCTION_EXISTS=pthread_create -rdynamic CMakeFiles/cmTC_a182a.dir/CheckFunctionExists.c.o -o cmTC_a182a  -lpthreads 
/usr/bin/ld: cannot find -lpthreads
collect2: error: ld returned 1 exit status
CMakeFiles/cmTC_a182a.dir/build.make:105: recipe for target 'cmTC_a182a' failed
make[1]: *** [cmTC_a182a] Error 1
make[1]: Leaving directory '/home/raghusaripalli/Desktop/DBI/A3/CMakeFiles/CMakeTmp'
Makefile:140: recipe for target 'cmTC_a182a/fast' failed
make: *** [cmTC_a182a/fast] Error 2



Performing C SOURCE FILE Test CMAKE_HAVE_LIBC_PTHREAD failed with the following output:
Change Dir: /home/raghusaripalli/Desktop/DBI/A3/CMakeFiles/CMakeTmp

Run Build Command(s):/usr/bin/make cmTC_025ed/fast && /usr/bin/make  -f CMakeFiles/cmTC_025ed.dir/build.make CMakeFiles/cmTC_025ed.dir/build
make[1]: Entering directory '/home/raghusaripalli/Desktop/DBI/A3/CMakeFiles/CMakeTmp'
Building C object CMakeFiles/cmTC_025ed.dir/src.c.o
/usr/bin/cc -DCMAKE_HAVE_LIBC_PTHREAD   -o CMakeFiles/cmTC_025ed.dir/src.c.o -c /home/raghusaripalli/Desktop/DBI/A3/CMakeFiles/CMakeTmp/src.c
Linking C executable cmTC_025ed
/home/raghusaripalli/Downloads/cmake/bin/cmake -E cmake_link_script CMakeFiles/cmTC_025ed.dir/link.txt --verbose=1
/usr/bin/cc -rdynamic CMakeFiles/cmTC_025ed.dir/src.c.o -o cmTC_025ed 
CMakeFiles/cmTC_025ed.dir/src.c.o: In function `main':
src.c:(.text+0x3c): undefined reference to `pthread_create'
src.c:(.text+0x48): undefined reference to `pthread_detach'
src.c:(.text+0x54): undefined reference to `pthread_cancel'
src.c:(.text+0x65): undefined reference to `pthread_join'
src.c:(.text+0x79): undefined reference to `pthread_atfork'
collect2: error: ld returned 1 exit status
CMakeFiles/cmTC_025ed.dir/build.make:105: recipe for target 'cmTC_025ed' failed
make[1]: *** [cmTC_025ed] Error 1
make[1]: Leaving directory '/home/raghusaripalli/Desktop/DBI/A3/CMakeFiles/CMakeTmp'
Makefile:140: recipe for target 'cmTC_025ed/fast' failed
make: *** [cmTC_025ed/fast] Error 2


Source file was:
#include <pthread.h>

static void* test_func(void* data)
{
  return data;
}

int main(void)
{
  pthread_t thread;
  pthread_create(&thread, NULL, test_func, NULL);
  pthread_detach(thread);
  pthread_cancel(thread);
  pthread_join(thread, NULL);
  pthread_atfork(NULL, NULL, NULL);
  pthread_exit(NULL);

  return 0;
}

Determining if the function pthread_create exists in the pthreads failed with the following output:
Change Dir: /home/raghusaripalli/Desktop/DBI/A3/CMakeFiles/CMakeTmp

Run Build Command(s):/usr/bin/make cmTC_50ca8/fast && /usr/bin/make  -f CMakeFiles/cmTC_50ca8.dir/build.make CMakeFiles/cmTC_50ca8.dir/build
make[1]: Entering directory '/home/raghusaripalli/Desktop/DBI/A3/CMakeFiles/CMakeTmp'
Building C object CMakeFiles/cmTC_50ca8.dir/CheckFunctionExists.c.o
/usr/bin/cc   -DCHECK_FUNCTION_EXISTS=pthread_create -o CMakeFiles/cmTC_50ca8.dir/CheckFunctionExists.c.o -c /home/raghusaripalli/Downloads/cmake/share/cmake-3.19/Modules/CheckFunctionExists.c
Linking C executable cmTC_50ca8
/home/raghusaripalli/Downloads/cmake/bin/cmake -E cmake_link_script CMakeFiles/cmTC_50ca8.dir/link.txt --verbose=1
/usr/bin/cc  -DCHECK_FUNCTION_EXISTS=pthread_create -rdynamic CMakeFiles/cmTC_50ca8.dir/CheckFunctionExists.c.o -o cmTC_50ca8  -lpthreads 
/usr/bin/ld: cannot find -lpthreads
collect2: error: ld returned 1 exit status
CMakeFiles/cmTC_50ca8.dir/build.make:105: recipe for target 'cmTC_50ca8' failed
make[1]: *** [cmTC_50ca8] Error 1
make[1]: Leaving directory '/home/raghusaripalli/Desktop/DBI/A3/CMakeFiles/CMakeTmp'
Makefile:140: recipe for target 'cmTC_50ca8/fast' failed
make: *** [cmTC_50ca8/fast] Error 2



Performing C SOURCE FILE Test CMAKE_HAVE_LIBC_PTHREAD failed with the following output:
Change Dir: /home/raghusaripalli/Desktop/DBI/A3/CMakeFiles/CMakeTmp

Run Build Command(s):/usr/bin/make cmTC_1b977/fast && /usr/bin/make  -f CMakeFiles/cmTC_1b977.dir/build.make CMakeFiles/cmTC_1b977.dir/build
make[1]: Entering directory '/home/raghusaripalli/Desktop/DBI/A3/CMakeFiles/CMakeTmp'
Building C object CMakeFiles/cmTC_1b977.dir/src.c.o
/usr/bin/cc -DCMAKE_HAVE_LIBC_PTHREAD   -o CMakeFiles/cmTC_1b977.dir/src.c.o -c /home/raghusaripalli/Desktop/DBI/A3/CMakeFiles/CMakeTmp/src.c
Linking C executable cmTC_1b977
/home/raghusaripalli/Downloads/cmake/bin/cmake -E cmake_link_script CMakeFiles/cmTC_1b977.dir/link.txt --verbose=1
/usr/bin/cc -rdynamic CMakeFiles/cmTC_1b977.dir/src.c.o -o cmTC_1b977 
CMakeFiles/cmTC_1b977.dir/src.c.o: In function `main':
src.c:(.text+0x3c): undefined reference to `pthread_create'
src.c:(.text+0x48): undefined reference to `pthread_detach'
src.c:(.text+0x54): undefined reference to `pthread_cancel'
src.c:(.text+0x65): undefined reference to `pthread_join'
src.c:(.text+0x79): undefined reference to `pthread_atfork'
collect2: error: ld returned 1 exit status
CMakeFiles/cmTC_1b977.dir/build.make:105: recipe for target 'cmTC_1b977' failed
make[1]: *** [cmTC_1b977] Error 1
make[1]: Leaving directory '/home/raghusaripalli/Desktop/DBI/A3/CMakeFiles/CMakeTmp'
Makefile:140: recipe for target 'cmTC_1b977/fast' failed
make: *** [cmTC_1b977/fast] Error 2


Source file was:
#include <pthread.h>

static void* test_func(void* data)
{
  return data;
}

int main(void)
{
  pthread_t thread;
  pthread_create(&thread, NULL, test_func, NULL);
  pthread_detach(thread);
  pthread_cancel(thread);
  pthread_join(thread, NULL);
  pthread_atfork(NULL, NULL, NULL);
  pthread_exit(NULL);

  return 0;
}

Determining if the function pthread_create exists in the pthreads failed with the following output:
Change Dir: /home/raghusaripalli/Desktop/DBI/A3/CMakeFiles/CMakeTmp

Run Build Command(s):/usr/bin/make cmTC_1be61/fast && /usr/bin/make  -f CMakeFiles/cmTC_1be61.dir/build.make CMakeFiles/cmTC_1be61.dir/build
make[1]: Entering directory '/home/raghusaripalli/Desktop/DBI/A3/CMakeFiles/CMakeTmp'
Building C object CMakeFiles/cmTC_1be61.dir/CheckFunctionExists.c.o
/usr/bin/cc   -DCHECK_FUNCTION_EXISTS=pthread_create -o CMakeFiles/cmTC_1be61.dir/CheckFunctionExists.c.o -c /home/raghusaripalli/Downloads/cmake/share/cmake-3.19/Modules/CheckFunctionExists.c
Linking C executable cmTC_1be61
/home/raghusaripalli/Downloads/cmake/bin/cmake -E cmake_link_script CMakeFiles/cmTC_1be61.dir/link.txt --verbose=1
/usr/bin/cc  -DCHECK_FUNCTION_EXISTS=pthread_create -rdynamic CMakeFiles/cmTC_1be61.dir/CheckFunctionExists.c.o -o cmTC_1be61  -lpthreads 
/usr/bin/ld: cannot find -lpthreads
collect2: error: ld returned 1 exit status
CMakeFiles/cmTC_1be61.dir/build.make:105: recipe for target 'cmTC_1be61' failed
make[1]: *** [cmTC_1be61] Error 1
make[1]: Leaving directory '/home/raghusaripalli/Desktop/DBI/A3/CMakeFiles/CMakeTmp'
Makefile:140: recipe for target 'cmTC_1be61/fast' failed
make: *** [cmTC_1be61/fast] Error 2



Performing C SOURCE FILE Test CMAKE_HAVE_LIBC_PTHREAD failed with the following output:
Change Dir: /home/raghusaripalli/Desktop/DBI/A3/CMakeFiles/CMakeTmp

Run Build Command(s):/usr/bin/make cmTC_33d60/fast && /usr/bin/make  -f CMakeFiles/cmTC_33d60.dir/build.make CMakeFiles/cmTC_33d60.dir/build
make[1]: Entering directory '/home/raghusaripalli/Desktop/DBI/A3/CMakeFiles/CMakeTmp'
Building C object CMakeFiles/cmTC_33d60.dir/src.c.o
/usr/bin/cc -DCMAKE_HAVE_LIBC_PTHREAD   -o CMakeFiles/cmTC_33d60.dir/src.c.o -c /home/raghusaripalli/Desktop/DBI/A3/CMakeFiles/CMakeTmp/src.c
Linking C executable cmTC_33d60
/home/raghusaripalli/Downloads/cmake/bin/cmake -E cmake_link_script CMakeFiles/cmTC_33d60.dir/link.txt --verbose=1
/usr/bin/cc -rdynamic CMakeFiles/cmTC_33d60.dir/src.c.o -o cmTC_33d60 
CMakeFiles/cmTC_33d60.dir/src.c.o: In function `main':
src.c:(.text+0x3c): undefined reference to `pthread_create'
src.c:(.text+0x48): undefined reference to `pthread_detach'
src.c:(.text+0x54): undefined reference to `pthread_cancel'
src.c:(.text+0x65): undefined reference to `pthread_join'
src.c:(.text+0x79): undefined reference to `pthread_atfork'
collect2: error: ld returned 1 exit status
CMakeFiles/cmTC_33d60.dir/build.make:105: recipe for target 'cmTC_33d60' failed
make[1]: *** [cmTC_33d60] Error 1
make[1]: Leaving directory '/home/raghusaripalli/Desktop/DBI/A3/CMakeFiles/CMakeTmp'
Makefile:140: recipe for target 'cmTC_33d60/fast' failed
make: *** [cmTC_33d60/fast] Error 2


Source file was:
#include <pthread.h>

static void* test_func(void* data)
{
  return data;
}

int main(void)
{
  pthread_t thread;
  pthread_create(&thread, NULL, test_func, NULL);
  pthread_detach(thread);
  pthread_cancel(thread);
  pthread_join(thread, NULL);
  pthread_atfork(NULL, NULL, NULL);
  pthread_exit(NULL);

  return 0;
}

Determining if the function pthread_create exists in the pthreads failed with the following output:
Change Dir: /home/raghusaripalli/Desktop/DBI/A3/CMakeFiles/CMakeTmp

Run Build Command(s):/usr/bin/make cmTC_2a899/fast && /usr/bin/make  -f CMakeFiles/cmTC_2a899.dir/build.make CMakeFiles/cmTC_2a899.dir/build
make[1]: Entering directory '/home/raghusaripalli/Desktop/DBI/A3/CMakeFiles/CMakeTmp'
Building C object CMakeFiles/cmTC_2a899.dir/CheckFunctionExists.c.o
/usr/bin/cc   -DCHECK_FUNCTION_EXISTS=pthread_create -o CMakeFiles/cmTC_2a899.dir/CheckFunctionExists.c.o -c /home/raghusaripalli/Downloads/cmake/share/cmake-3.19/Modules/CheckFunctionExists.c
Linking C executable cmTC_2a899
/home/raghusaripalli/Downloads/cmake/bin/cmake -E cmake_link_script CMakeFiles/cmTC_2a899.dir/link.txt --verbose=1
/usr/bin/cc  -DCHECK_FUNCTION_EXISTS=pthread_create -rdynamic CMakeFiles/cmTC_2a899.dir/CheckFunctionExists.c.o -o cmTC_2a899  -lpthreads 
/usr/bin/ld: cannot find -lpthreads
collect2: error: ld returned 1 exit status
CMakeFiles/cmTC_2a899.dir/build.make:105: recipe for target 'cmTC_2a899' failed
make[1]: *** [cmTC_2a899] Error 1
make[1]: Leaving directory '/home/raghusaripalli/Desktop/DBI/A3/CMakeFiles/CMakeTmp'
Makefile:140: recipe for target 'cmTC_2a899/fast' failed
make: *** [cmTC_2a899/fast] Error 2



