Determining if the pthread_create exist failed with the following output:
Change Dir: /home/raghusaripalli/Desktop/DBI/A5/CMakeFiles/CMakeTmp

Run Build Command:"/usr/bin/make" "cmTC_98d09/fast"
/usr/bin/make -f CMakeFiles/cmTC_98d09.dir/build.make CMakeFiles/cmTC_98d09.dir/build
make[1]: Entering directory '/home/raghusaripalli/Desktop/DBI/A5/CMakeFiles/CMakeTmp'
Building C object CMakeFiles/cmTC_98d09.dir/CheckSymbolExists.c.o
/usr/bin/cc     -o CMakeFiles/cmTC_98d09.dir/CheckSymbolExists.c.o   -c /home/raghusaripalli/Desktop/DBI/A5/CMakeFiles/CMakeTmp/CheckSymbolExists.c
Linking C executable cmTC_98d09
/usr/bin/cmake -E cmake_link_script CMakeFiles/cmTC_98d09.dir/link.txt --verbose=1
/usr/bin/cc       CMakeFiles/cmTC_98d09.dir/CheckSymbolExists.c.o  -o cmTC_98d09 -rdynamic 
CMakeFiles/cmTC_98d09.dir/CheckSymbolExists.c.o: In function `main':
CheckSymbolExists.c:(.text+0x16): undefined reference to `pthread_create'
collect2: error: ld returned 1 exit status
CMakeFiles/cmTC_98d09.dir/build.make:97: recipe for target 'cmTC_98d09' failed
make[1]: *** [cmTC_98d09] Error 1
make[1]: Leaving directory '/home/raghusaripalli/Desktop/DBI/A5/CMakeFiles/CMakeTmp'
Makefile:126: recipe for target 'cmTC_98d09/fast' failed
make: *** [cmTC_98d09/fast] Error 2

File /home/raghusaripalli/Desktop/DBI/A5/CMakeFiles/CMakeTmp/CheckSymbolExists.c:
/* */
#include <pthread.h>

int main(int argc, char** argv)
{
  (void)argv;
#ifndef pthread_create
  return ((int*)(&pthread_create))[argc];
#else
  (void)argc;
  return 0;
#endif
}

Determining if the function pthread_create exists in the pthreads failed with the following output:
Change Dir: /home/raghusaripalli/Desktop/DBI/A5/CMakeFiles/CMakeTmp

Run Build Command:"/usr/bin/make" "cmTC_497db/fast"
/usr/bin/make -f CMakeFiles/cmTC_497db.dir/build.make CMakeFiles/cmTC_497db.dir/build
make[1]: Entering directory '/home/raghusaripalli/Desktop/DBI/A5/CMakeFiles/CMakeTmp'
Building C object CMakeFiles/cmTC_497db.dir/CheckFunctionExists.c.o
/usr/bin/cc    -DCHECK_FUNCTION_EXISTS=pthread_create   -o CMakeFiles/cmTC_497db.dir/CheckFunctionExists.c.o   -c /usr/share/cmake-3.5/Modules/CheckFunctionExists.c
Linking C executable cmTC_497db
/usr/bin/cmake -E cmake_link_script CMakeFiles/cmTC_497db.dir/link.txt --verbose=1
/usr/bin/cc   -DCHECK_FUNCTION_EXISTS=pthread_create    CMakeFiles/cmTC_497db.dir/CheckFunctionExists.c.o  -o cmTC_497db -rdynamic -lpthreads 
/usr/bin/ld: cannot find -lpthreads
collect2: error: ld returned 1 exit status
CMakeFiles/cmTC_497db.dir/build.make:97: recipe for target 'cmTC_497db' failed
make[1]: *** [cmTC_497db] Error 1
make[1]: Leaving directory '/home/raghusaripalli/Desktop/DBI/A5/CMakeFiles/CMakeTmp'
Makefile:126: recipe for target 'cmTC_497db/fast' failed
make: *** [cmTC_497db/fast] Error 2


