Performing C SOURCE FILE Test CMAKE_HAVE_LIBC_PTHREAD failed with the following output:
Change Dir: /home/raghusaripalli/Desktop/DBI/CMakeFiles/CMakeTmp

Run Build Command(s):/usr/bin/make cmTC_ceeaf/fast && /usr/bin/make  -f CMakeFiles/cmTC_ceeaf.dir/build.make CMakeFiles/cmTC_ceeaf.dir/build
make[1]: Entering directory '/home/raghusaripalli/Desktop/DBI/CMakeFiles/CMakeTmp'
Building C object CMakeFiles/cmTC_ceeaf.dir/src.c.o
/usr/bin/cc -DCMAKE_HAVE_LIBC_PTHREAD   -o CMakeFiles/cmTC_ceeaf.dir/src.c.o -c /home/raghusaripalli/Desktop/DBI/CMakeFiles/CMakeTmp/src.c
Linking C executable cmTC_ceeaf
/home/raghusaripalli/Downloads/cmake-3.19.4-Linux-x86_64/bin/cmake -E cmake_link_script CMakeFiles/cmTC_ceeaf.dir/link.txt --verbose=1
/usr/bin/cc -rdynamic CMakeFiles/cmTC_ceeaf.dir/src.c.o -o cmTC_ceeaf 
CMakeFiles/cmTC_ceeaf.dir/src.c.o: In function `main':
src.c:(.text+0x3c): undefined reference to `pthread_create'
src.c:(.text+0x48): undefined reference to `pthread_detach'
src.c:(.text+0x54): undefined reference to `pthread_cancel'
src.c:(.text+0x65): undefined reference to `pthread_join'
src.c:(.text+0x79): undefined reference to `pthread_atfork'
collect2: error: ld returned 1 exit status
CMakeFiles/cmTC_ceeaf.dir/build.make:105: recipe for target 'cmTC_ceeaf' failed
make[1]: *** [cmTC_ceeaf] Error 1
make[1]: Leaving directory '/home/raghusaripalli/Desktop/DBI/CMakeFiles/CMakeTmp'
Makefile:140: recipe for target 'cmTC_ceeaf/fast' failed
make: *** [cmTC_ceeaf/fast] Error 2


Source file was:
#include <pthread.h>

static void* test_func(void* data)
{
  return data;
}

int main(void)
{
  pthread_t thread;
  pthread_create(&thread, NULL, test_func, NULL);
  pthread_detach(thread);
  pthread_cancel(thread);
  pthread_join(thread, NULL);
  pthread_atfork(NULL, NULL, NULL);
  pthread_exit(NULL);

  return 0;
}

Determining if the function pthread_create exists in the pthreads failed with the following output:
Change Dir: /home/raghusaripalli/Desktop/DBI/CMakeFiles/CMakeTmp

Run Build Command(s):/usr/bin/make cmTC_b3b1e/fast && /usr/bin/make  -f CMakeFiles/cmTC_b3b1e.dir/build.make CMakeFiles/cmTC_b3b1e.dir/build
make[1]: Entering directory '/home/raghusaripalli/Desktop/DBI/CMakeFiles/CMakeTmp'
Building C object CMakeFiles/cmTC_b3b1e.dir/CheckFunctionExists.c.o
/usr/bin/cc   -DCHECK_FUNCTION_EXISTS=pthread_create -o CMakeFiles/cmTC_b3b1e.dir/CheckFunctionExists.c.o -c /home/raghusaripalli/Downloads/cmake-3.19.4-Linux-x86_64/share/cmake-3.19/Modules/CheckFunctionExists.c
Linking C executable cmTC_b3b1e
/home/raghusaripalli/Downloads/cmake-3.19.4-Linux-x86_64/bin/cmake -E cmake_link_script CMakeFiles/cmTC_b3b1e.dir/link.txt --verbose=1
/usr/bin/cc  -DCHECK_FUNCTION_EXISTS=pthread_create -rdynamic CMakeFiles/cmTC_b3b1e.dir/CheckFunctionExists.c.o -o cmTC_b3b1e  -lpthreads 
/usr/bin/ld: cannot find -lpthreads
collect2: error: ld returned 1 exit status
CMakeFiles/cmTC_b3b1e.dir/build.make:105: recipe for target 'cmTC_b3b1e' failed
make[1]: *** [cmTC_b3b1e] Error 1
make[1]: Leaving directory '/home/raghusaripalli/Desktop/DBI/CMakeFiles/CMakeTmp'
Makefile:140: recipe for target 'cmTC_b3b1e/fast' failed
make: *** [cmTC_b3b1e/fast] Error 2



