Determining if the pthread_create exist failed with the following output:
Change Dir: /home/raghusaripalli/Desktop/code/CMakeFiles/CMakeTmp

Run Build Command:"/usr/bin/make" "cmTC_3483f/fast"
/usr/bin/make -f CMakeFiles/cmTC_3483f.dir/build.make CMakeFiles/cmTC_3483f.dir/build
make[1]: Entering directory '/home/raghusaripalli/Desktop/code/CMakeFiles/CMakeTmp'
Building C object CMakeFiles/cmTC_3483f.dir/CheckSymbolExists.c.o
/usr/bin/cc     -o CMakeFiles/cmTC_3483f.dir/CheckSymbolExists.c.o   -c /home/raghusaripalli/Desktop/code/CMakeFiles/CMakeTmp/CheckSymbolExists.c
Linking C executable cmTC_3483f
/usr/bin/cmake -E cmake_link_script CMakeFiles/cmTC_3483f.dir/link.txt --verbose=1
/usr/bin/cc       CMakeFiles/cmTC_3483f.dir/CheckSymbolExists.c.o  -o cmTC_3483f -rdynamic 
CMakeFiles/cmTC_3483f.dir/CheckSymbolExists.c.o: In function `main':
CheckSymbolExists.c:(.text+0x16): undefined reference to `pthread_create'
collect2: error: ld returned 1 exit status
CMakeFiles/cmTC_3483f.dir/build.make:97: recipe for target 'cmTC_3483f' failed
make[1]: *** [cmTC_3483f] Error 1
make[1]: Leaving directory '/home/raghusaripalli/Desktop/code/CMakeFiles/CMakeTmp'
Makefile:126: recipe for target 'cmTC_3483f/fast' failed
make: *** [cmTC_3483f/fast] Error 2

File /home/raghusaripalli/Desktop/code/CMakeFiles/CMakeTmp/CheckSymbolExists.c:
/* */
#include <pthread.h>

int main(int argc, char** argv)
{
  (void)argv;
#ifndef pthread_create
  return ((int*)(&pthread_create))[argc];
#else
  (void)argc;
  return 0;
#endif
}

Determining if the function pthread_create exists in the pthreads failed with the following output:
Change Dir: /home/raghusaripalli/Desktop/code/CMakeFiles/CMakeTmp

Run Build Command:"/usr/bin/make" "cmTC_ea96a/fast"
/usr/bin/make -f CMakeFiles/cmTC_ea96a.dir/build.make CMakeFiles/cmTC_ea96a.dir/build
make[1]: Entering directory '/home/raghusaripalli/Desktop/code/CMakeFiles/CMakeTmp'
Building C object CMakeFiles/cmTC_ea96a.dir/CheckFunctionExists.c.o
/usr/bin/cc    -DCHECK_FUNCTION_EXISTS=pthread_create   -o CMakeFiles/cmTC_ea96a.dir/CheckFunctionExists.c.o   -c /usr/share/cmake-3.5/Modules/CheckFunctionExists.c
Linking C executable cmTC_ea96a
/usr/bin/cmake -E cmake_link_script CMakeFiles/cmTC_ea96a.dir/link.txt --verbose=1
/usr/bin/cc   -DCHECK_FUNCTION_EXISTS=pthread_create    CMakeFiles/cmTC_ea96a.dir/CheckFunctionExists.c.o  -o cmTC_ea96a -rdynamic -lpthreads 
/usr/bin/ld: cannot find -lpthreads
collect2: error: ld returned 1 exit status
CMakeFiles/cmTC_ea96a.dir/build.make:97: recipe for target 'cmTC_ea96a' failed
make[1]: *** [cmTC_ea96a] Error 1
make[1]: Leaving directory '/home/raghusaripalli/Desktop/code/CMakeFiles/CMakeTmp'
Makefile:126: recipe for target 'cmTC_ea96a/fast' failed
make: *** [cmTC_ea96a/fast] Error 2


Determining if the pthread_create exist failed with the following output:
Change Dir: /home/raghusaripalli/Desktop/DBI/A4-2/CMakeFiles/CMakeTmp

Run Build Command:"/usr/bin/make" "cmTC_5dce0/fast"
/usr/bin/make -f CMakeFiles/cmTC_5dce0.dir/build.make CMakeFiles/cmTC_5dce0.dir/build
make[1]: Entering directory '/home/raghusaripalli/Desktop/DBI/A4-2/CMakeFiles/CMakeTmp'
Building C object CMakeFiles/cmTC_5dce0.dir/CheckSymbolExists.c.o
/usr/bin/cc     -o CMakeFiles/cmTC_5dce0.dir/CheckSymbolExists.c.o   -c /home/raghusaripalli/Desktop/DBI/A4-2/CMakeFiles/CMakeTmp/CheckSymbolExists.c
Linking C executable cmTC_5dce0
/usr/bin/cmake -E cmake_link_script CMakeFiles/cmTC_5dce0.dir/link.txt --verbose=1
/usr/bin/cc       CMakeFiles/cmTC_5dce0.dir/CheckSymbolExists.c.o  -o cmTC_5dce0 -rdynamic 
CMakeFiles/cmTC_5dce0.dir/CheckSymbolExists.c.o: In function `main':
CheckSymbolExists.c:(.text+0x16): undefined reference to `pthread_create'
collect2: error: ld returned 1 exit status
CMakeFiles/cmTC_5dce0.dir/build.make:97: recipe for target 'cmTC_5dce0' failed
make[1]: *** [cmTC_5dce0] Error 1
make[1]: Leaving directory '/home/raghusaripalli/Desktop/DBI/A4-2/CMakeFiles/CMakeTmp'
Makefile:126: recipe for target 'cmTC_5dce0/fast' failed
make: *** [cmTC_5dce0/fast] Error 2

File /home/raghusaripalli/Desktop/DBI/A4-2/CMakeFiles/CMakeTmp/CheckSymbolExists.c:
/* */
#include <pthread.h>

int main(int argc, char** argv)
{
  (void)argv;
#ifndef pthread_create
  return ((int*)(&pthread_create))[argc];
#else
  (void)argc;
  return 0;
#endif
}

Determining if the function pthread_create exists in the pthreads failed with the following output:
Change Dir: /home/raghusaripalli/Desktop/DBI/A4-2/CMakeFiles/CMakeTmp

Run Build Command:"/usr/bin/make" "cmTC_c1557/fast"
/usr/bin/make -f CMakeFiles/cmTC_c1557.dir/build.make CMakeFiles/cmTC_c1557.dir/build
make[1]: Entering directory '/home/raghusaripalli/Desktop/DBI/A4-2/CMakeFiles/CMakeTmp'
Building C object CMakeFiles/cmTC_c1557.dir/CheckFunctionExists.c.o
/usr/bin/cc    -DCHECK_FUNCTION_EXISTS=pthread_create   -o CMakeFiles/cmTC_c1557.dir/CheckFunctionExists.c.o   -c /usr/share/cmake-3.5/Modules/CheckFunctionExists.c
Linking C executable cmTC_c1557
/usr/bin/cmake -E cmake_link_script CMakeFiles/cmTC_c1557.dir/link.txt --verbose=1
/usr/bin/cc   -DCHECK_FUNCTION_EXISTS=pthread_create    CMakeFiles/cmTC_c1557.dir/CheckFunctionExists.c.o  -o cmTC_c1557 -rdynamic -lpthreads 
/usr/bin/ld: cannot find -lpthreads
collect2: error: ld returned 1 exit status
CMakeFiles/cmTC_c1557.dir/build.make:97: recipe for target 'cmTC_c1557' failed
make[1]: *** [cmTC_c1557] Error 1
make[1]: Leaving directory '/home/raghusaripalli/Desktop/DBI/A4-2/CMakeFiles/CMakeTmp'
Makefile:126: recipe for target 'cmTC_c1557/fast' failed
make: *** [cmTC_c1557/fast] Error 2


